<?xml version="1.0" encoding="UTF-8"?>
<testsuite name="LiftTest$RequestLift" tests="2" skipped="0" failures="0" errors="0" timestamp="2021-02-02T23:23:16" hostname="ELENA-LEMOVO" time="0.04">
  <properties/>
  <testcase name="shouldReturnStatusNotWorkingIfLiftIsNotWorking()" classname="LiftTest$RequestLift" time="0.007"/>
  <testcase name="shouldRequestLiftCorrectly()" classname="LiftTest$RequestLift" time="0.024"/>
  <system-out><![CDATA[]]></system-out>
  <system-err><![CDATA[]]></system-err>
</testsuite>
