<?xml version="1.0" encoding="UTF-8"?>
<testsuite name="LiftTest$RequestFloor" tests="2" skipped="0" failures="0" errors="0" timestamp="2021-02-02T23:07:29" hostname="ELENA-LEMOVO" time="0.072">
  <properties/>
  <testcase name="shouldGoToDestinationFloorIfLiftIsWorking()" classname="LiftTest$RequestFloor" time="0.057"/>
  <testcase name="shouldNotMoveIfLiftIsNotWorking()" classname="LiftTest$RequestFloor" time="0.007"/>
  <system-out><![CDATA[]]></system-out>
  <system-err><![CDATA[]]></system-err>
</testsuite>
